2026-04-22 13:43:13,448 ERROR edu.esiea.stellarsystemapi.controllers.ErrorHandler [http-nio-8080-exec-7] USER : Utilisateur non trouvé
2026-04-22 14:01:40,136 INFO edu.esiea.stellarsystemapi.controllers.StellarSystemControllerSecurityCorsTest [main] Starting StellarSystemControllerSecurityCorsTest using Java 21.0.9 with PID 16688 (started by freew in C:\Users\freew\Documents\workspace-spring-tools-for-eclipse-5.0.1.RELEASE\stellarsystemapi)
2026-04-22 14:01:40,137 DEBUG edu.esiea.stellarsystemapi.controllers.StellarSystemControllerSecurityCorsTest [main] Running with Spring Boot v4.0.5, Spring v7.0.6
2026-04-22 14:01:40,138 INFO edu.esiea.stellarsystemapi.controllers.StellarSystemControllerSecurityCorsTest [main] The following 2 profiles are active: "test", "JWTtest"
2026-04-22 14:01:47,969 DEBUG edu.esiea.stellarsystemapi.controllers.JwtAuthenticationFilterTest [main] Filter 'jwtAuthenticationFilterTest' configured for use
2026-04-22 14:01:48,014 INFO edu.esiea.stellarsystemapi.controllers.StellarSystemControllerSecurityCorsTest [main] Started StellarSystemControllerSecurityCorsTest in 8.327 seconds (process running for 9.623)
2026-04-22 14:01:48,153 DEBUG edu.esiea.stellarsystemapi.controllers.StellarSystemController [main] GET  /api/StellarSystem/all
2026-04-22 14:01:48,157 ERROR edu.esiea.stellarsystemapi.controllers.ErrorHandler [main] STELLAR_SYSTEM : Ressource non trouvée
2026-04-22 14:01:48,249 ERROR edu.esiea.stellarsystemapi.controllers.ErrorHandler [main] Access denied : Access Denied
2026-04-22 14:01:48,373 INFO edu.esiea.stellarsystemapi.controllers.StellarSystemControllerTest [main] Starting StellarSystemControllerTest using Java 21.0.9 with PID 16688 (started by freew in C:\Users\freew\Documents\workspace-spring-tools-for-eclipse-5.0.1.RELEASE\stellarsystemapi)
2026-04-22 14:01:48,375 DEBUG edu.esiea.stellarsystemapi.controllers.StellarSystemControllerTest [main] Running with Spring Boot v4.0.5, Spring v7.0.6
2026-04-22 14:01:48,375 INFO edu.esiea.stellarsystemapi.controllers.StellarSystemControllerTest [main] The following 1 profile is active: "test"
2026-04-22 14:01:48,703 INFO edu.esiea.stellarsystemapi.controllers.StellarSystemControllerTest [main] Started StellarSystemControllerTest in 0.377 seconds (process running for 10.311)
2026-04-22 14:01:48,713 DEBUG edu.esiea.stellarsystemapi.controllers.StellarSystemController [main] GET  /api/StellarSystem/all
2026-04-22 14:01:48,713 INFO edu.esiea.stellarsystemapi.controllers.StellarSystemController [main] Système trouvé
2026-04-22 14:01:48,822 DEBUG edu.esiea.stellarsystemapi.controllers.StellarSystemController [main] POST  /api/StellarSystem
2026-04-22 14:01:48,822 INFO edu.esiea.stellarsystemapi.controllers.StellarSystemController [main] Système créé
2026-04-22 14:01:48,836 DEBUG edu.esiea.stellarsystemapi.controllers.StellarSystemController [main] DELETE  /api/StellarSystem/{id}
2026-04-22 14:01:48,836 INFO edu.esiea.stellarsystemapi.controllers.StellarSystemController [main] Delete du système réussi
2026-04-22 14:01:48,848 DEBUG edu.esiea.stellarsystemapi.controllers.StellarSystemController [main] PUT  /api/StellarSystem/{id}
2026-04-22 14:01:48,849 INFO edu.esiea.stellarsystemapi.controllers.StellarSystemController [main] Modification PUT du système réussi
2026-04-22 14:01:48,876 WARN edu.esiea.stellarsystemapi.controllers.ErrorHandler [main] STELLAR_SYSTEM : Erreur(s) de validation : name -> size must be between 2 and 2147483647 / name -> must not be blank
2026-04-22 14:01:48,889 DEBUG edu.esiea.stellarsystemapi.controllers.StellarSystemController [main] Patch  /api/StellarSystem/{id}
2026-04-22 14:01:48,890 INFO edu.esiea.stellarsystemapi.controllers.StellarSystemController [main] Modification PATCH du système réussi
